[0907/220110.258:INFO:CONSOLE(115)] "Event handler of 'x-storagemutated-1' event must be added on the initial evaluation of worker script.", source: https://static.whatsapp.net/rsrc.php/v4/yJ/r/cCqir2t3AAf.js (115)
[0907/220110.628:INFO:CONSOLE(0)] "Error with Permissions-Policy header: Feature xr-spatial-tracking's parameters are ignored.", source:  (0)
[0907/220110.628:INFO:CONSOLE(0)] "Error with Permissions-Policy header: Origin trial controlled feature not enabled: 'attribution-reporting'.", source:  (0)
[0907/220110.628:INFO:CONSOLE(0)] "Error with Permissions-Policy header: Unrecognized feature: 'compute-pressure'.", source:  (0)
[0907/220110.628:INFO:CONSOLE(0)] "Error with Permissions-Policy header: Origin trial controlled feature not enabled: 'interest-cohort'.", source:  (0)
[0907/220110.628:INFO:CONSOLE(0)] "Error with Permissions-Policy header: Unrecognized feature: 'private-state-token-issuance'.", source:  (0)
[0907/220110.628:INFO:CONSOLE(0)] "Error with Permissions-Policy header: Origin trial controlled feature not enabled: 'shared-storage'.", source:  (0)
[0907/220110.628:INFO:CONSOLE(0)] "Error with Permissions-Policy header: Unrecognized feature: 'shared-storage-select-url'.", source:  (0)
[0907/220110.628:INFO:CONSOLE(0)] "Error with Permissions-Policy header: Unrecognized feature: 'private-state-token-redemption'.", source:  (0)
[0907/220110.630:INFO:CONSOLE(0)] "Error with Permissions-Policy header: Unrecognized feature: 'unload'.", source:  (0)
[0907/220110.630:INFO:CONSOLE(0)] "Error with Permissions-Policy header: Unrecognized feature: 'window-management'.", source:  (0)
[0907/220110.630:INFO:CONSOLE(0)] "Document-Policy HTTP header: Unrecognized document policy feature name include-js-call-stacks-in-crash-reports.", source: https://web.whatsapp.com/ (0)
[0907/220113.343:INFO:CONSOLE(115)] "Event handler of 'x-storagemutated-1' event must be added on the initial evaluation of worker script.", source: https://static.whatsapp.net/rsrc.php/v4/yJ/r/cCqir2t3AAf.js (115)
[0907/220119.849:INFO:CONSOLE(6)] "Uncaught (in promise) Error: no status data returned for user", source:  (6)
[0907/220121.345:INFO:CONSOLE(77)] "ErrorUtils caught an error:

Converting to a string will drop content data. Hash="undefined" Translation="{author} se unió desde la comunidad." Content="{"key":null,"ref":null,"props":{"contact":{"id":"48288803864644@lid","type":"in","parentStatusMute":false,"isContactSyncCompleted":1,"textStatusLastUpdateTime":-1,"syncToAddressbook":false},"showNotifyName":true,"elevatedPushNamesEnabled":true,"onCli" (type=object,Object)

Subsequent non-fatal errors won't be logged; see https://fburl.com/debugjs. [object Object]", source: https://static.whatsapp.net/rsrc.php/v4/yW/r/viHqVFvzl0J.js (77)
[0907/220124.237:INFO:CONSOLE(89)] "[Report Only] Refused to compile or instantiate WebAssembly module because 'unsafe-eval' is not an allowed source of script in the following Content Security Policy directive: "script-src blob: 'self' 'nonce-JmZRjmQj' 'report-sample' https://static.whatsapp.net https://*.youtube.com https://maps.googleapis.com https://maps.gstatic.com https://lens.google.com/upload".
", source: https://static.whatsapp.net/rsrc.php/v4/yV/r/dc_rOwCqNfF.js (89)
[0907/220253.011:INFO:CONSOLE(115)] "Event handler of 'x-storagemutated-1' event must be added on the initial evaluation of worker script.", source: https://static.whatsapp.net/rsrc.php/v4/yJ/r/cCqir2t3AAf.js (115)
[0907/220448.481:INFO:CONSOLE(115)] "Event handler of 'x-storagemutated-1' event must be added on the initial evaluation of worker script.", source: https://static.whatsapp.net/rsrc.php/v4/yJ/r/cCqir2t3AAf.js (115)
[0907/220800.097:INFO:CONSOLE(115)] "Event handler of 'x-storagemutated-1' event must be added on the initial evaluation of worker script.", source: https://static.whatsapp.net/rsrc.php/v4/yJ/r/cCqir2t3AAf.js (115)
[0907/221547.431:INFO:CONSOLE(115)] "Event handler of 'x-storagemutated-1' event must be added on the initial evaluation of worker script.", source: https://static.whatsapp.net/rsrc.php/v4/yJ/r/cCqir2t3AAf.js (115)
